<?xml version="1.0" encoding="UTF-8"?>
<!-- Generated by org.testng.reporters.JUnitXMLReporter -->
<testsuite ignored="0" hostname="DESKTOP-M1FTTAV" failures="1" tests="1" name="Test" time="17.304" errors="0" timestamp="2022-10-07T15:42:25 IST">
  <testcase classname="com.crm.campaign.Createcampaigntest" name="CreateCampaigntest" time="10.736">
    <failure type="java.lang.AssertionError" message="expected [false] but found [true]">
      <![CDATA[java.lang.AssertionError: expected [false] but found [true]
at com.crm.campaign.Createcampaigntest.CreateCampaigntest(Createcampaigntest.java:38)
at java.base/java.util.ArrayList.forEach(ArrayList.java:1511)
... Removed 33 stack frames]]>
    </failure>
  </testcase> <!-- CreateCampaigntest -->
</testsuite> <!-- Test -->
